start  : Tue Feb 2 15:38:05 GMT 2021
env    : local
whoami : root
pwd    : /deploy
uptime : up 5 days, 19 hours, 24 minutes
Settings
gitrepo: git@github.com:aalshukri/DevOps-Drupal-Deploy-TEST.git
git    : /home/root/gitrepo/DevOps-Drupal-Deploy-TEST
build  : /home/root/gitrepo/DevOps-Drupal-Deploy-TEST/www/drupalwebapp
live   : /var/www/html
-UpdateCode
  repo = git@github.com:aalshukri/DevOps-Drupal-Deploy-TEST.git
  dir  = /home/root/gitrepo/DevOps-Drupal-Deploy-TEST
Already up to date.
--OK git pull
-Done
-Build
Loading composer repositories with package information
Installing dependencies (including require-dev) from lock file
Nothing to install or update
Package doctrine/reflection is abandoned, you should avoid using it. Use roave/better-reflection instead.
Generating autoload files
28 packages you are using are looking for funding.
Use the `composer fund` command to find out more!
  * Homepage: https://www.drupal.org/project/drupal
  * Support:
    * docs: https://www.drupal.org/docs/user_guide/en/index.html
    * chat: https://www.drupal.org/node/314178
--OK composer install
-Done
-GoLive
-local
enable maintenance mode
do nothing
disable maintenance mode
-Done
Runtime: 0:0:1 (hh:mm:ss)
